10:06:18 **** Incremental Build of configuration Debug for project 48_SVCService ****
make -j8 all 
arm-none-eabi-gcc "../Core/Src/main.c" -mcpu=cortex-m4 -std=gnu11 -g3 -DDEBUG -DUSE_HAL_DRIVER -DSTM32F446xx -c -I../Core/Inc -I../Drivers/STM32F4xx_HAL_Driver/Inc -I../Drivers/STM32F4xx_HAL_Driver/Inc/Legacy -I../Drivers/CMSIS/Device/ST/STM32F4xx/Include -I../Drivers/CMSIS/Include -O0 -ffunction-sections -fdata-sections -Wall -fstack-usage -fcyclomatic-complexity -MMD -MP -MF"Core/Src/main.d" -MT"Core/Src/main.o" --specs=nano.specs -mfpu=fpv4-sp-d16 -mfloat-abi=hard -mthumb -o "Core/Src/main.o"
../Core/Src/main.c:43:1: error: unknown type name 'UART_HandleTypeDef'
   43 | UART_HandleTypeDef huart2;
      | ^~~~~~~~~~~~~~~~~~
../Core/Src/main.c:39:21: error: expected identifier or '(' before '__asm'
   39 | #define __svc(sNum) __asm volatile("SVC %0" ::"M" (sNum))
      |                     ^~~~~
../Core/Src/main.c:54:5: note: in expansion of macro '__svc'
   54 | int __svc(0x00) svc_service_add(int x, int y);
      |     ^~~~~
../Core/Src/main.c:39:21: error: expected identifier or '(' before '__asm'
   39 | #define __svc(sNum) __asm volatile("SVC %0" ::"M" (sNum))
      |                     ^~~~~
../Core/Src/main.c:55:5: note: in expansion of macro '__svc'
   55 | int __svc(0x01) svc_service_sub(int x, int y);
      |     ^~~~~
../Core/Src/main.c:39:21: error: expected identifier or '(' before '__asm'
   39 | #define __svc(sNum) __asm volatile("SVC %0" ::"M" (sNum))
      |                     ^~~~~
../Core/Src/main.c:56:5: note: in expansion of macro '__svc'
   56 | int __svc(0x02) svc_service_mul(int x, int y);
      |     ^~~~~
../Core/Src/main.c:39:21: error: expected identifier or '(' before '__asm'
   39 | #define __svc(sNum) __asm volatile("SVC %0" ::"M" (sNum))
      |                     ^~~~~
../Core/Src/main.c:57:5: note: in expansion of macro '__svc'
   57 | int __svc(0x03) svc_service_div(int x, int y);
      |     ^~~~~
../Core/Src/main.c: In function 'main':
../Core/Src/main.c:80:3: warning: implicit declaration of function 'HAL_Init' [-Wimplicit-function-declaration]
   80 |   HAL_Init();
      |   ^~~~~~~~
../Core/Src/main.c:99:7: warning: implicit declaration of function 'svc_service_add' [-Wimplicit-function-declaration]
   99 |   z = svc_service_add(x, y);
      |       ^~~~~~~~~~~~~~~
../Core/Src/main.c: In function 'SystemClock_Config':
../Core/Src/main.c:120:3: error: unknown type name 'RCC_OscInitTypeDef'
  120 |   RCC_OscInitTypeDef RCC_OscInitStruct = {0};
      |   ^~~~~~~~~~~~~~~~~~
../Core/Src/main.c:121:3: error: unknown type name 'RCC_ClkInitTypeDef'
  121 |   RCC_ClkInitTypeDef RCC_ClkInitStruct = {0};
      |   ^~~~~~~~~~~~~~~~~~
../Core/Src/main.c:125:3: warning: implicit declaration of function '__HAL_RCC_PWR_CLK_ENABLE' [-Wimplicit-function-declaration]
  125 |   __HAL_RCC_PWR_CLK_ENABLE();
      |   ^~~~~~~~~~~~~~~~~~~~~~~~
../Core/Src/main.c:126:3: warning: implicit declaration of function '__HAL_PWR_VOLTAGESCALING_CONFIG' [-Wimplicit-function-declaration]
  126 |   __HAL_PWR_VOLTAGESCALING_CONFIG(PWR_REGULATOR_VOLTAGE_SCALE3);
      |   ^~~~~~~~~~~~~~~~~~~~~~~~~~~~~~~
../Core/Src/main.c:126:35: error: 'PWR_REGULATOR_VOLTAGE_SCALE3' undeclared (first use in this function)
  126 |   __HAL_PWR_VOLTAGESCALING_CONFIG(PWR_REGULATOR_VOLTAGE_SCALE3);
      |                                   ^~~~~~~~~~~~~~~~~~~~~~~~~~~~
../Core/Src/main.c:126:35: note: each undeclared identifier is reported only once for each function it appears in
../Core/Src/main.c:131:20: error: request for member 'OscillatorType' in something not a structure or union
  131 |   RCC_OscInitStruct.OscillatorType = RCC_OSCILLATORTYPE_HSI;
      |                    ^
../Core/Src/main.c:131:38: error: 'RCC_OSCILLATORTYPE_HSI' undeclared (first use in this function)
  131 |   RCC_OscInitStruct.OscillatorType = RCC_OSCILLATORTYPE_HSI;
      |                                      ^~~~~~~~~~~~~~~~~~~~~~
../Core/Src/main.c:132:20: error: request for member 'HSIState' in something not a structure or union
  132 |   RCC_OscInitStruct.HSIState = RCC_HSI_ON;
      |                    ^
../Core/Src/main.c:132:32: error: 'RCC_HSI_ON' undeclared (first use in this function)
  132 |   RCC_OscInitStruct.HSIState = RCC_HSI_ON;
      |                                ^~~~~~~~~~
../Core/Src/main.c:133:20: error: request for member 'HSICalibrationValue' in something not a structure or union
  133 |   RCC_OscInitStruct.HSICalibrationValue = RCC_HSICALIBRATION_DEFAULT;
      |                    ^
../Core/Src/main.c:133:43: error: 'RCC_HSICALIBRATION_DEFAULT' undeclared (first use in this function)
  133 |   RCC_OscInitStruct.HSICalibrationValue = RCC_HSICALIBRATION_DEFAULT;
      |                                           ^~~~~~~~~~~~~~~~~~~~~~~~~~
../Core/Src/main.c:134:20: error: request for member 'PLL' in something not a structure or union
  134 |   RCC_OscInitStruct.PLL.PLLState = RCC_PLL_ON;
      |                    ^
../Core/Src/main.c:134:36: error: 'RCC_PLL_ON' undeclared (first use in this function)
  134 |   RCC_OscInitStruct.PLL.PLLState = RCC_PLL_ON;
      |                                    ^~~~~~~~~~
../Core/Src/main.c:135:20: error: request for member 'PLL' in something not a structure or union
  135 |   RCC_OscInitStruct.PLL.PLLSource = RCC_PLLSOURCE_HSI;
      |                    ^
../Core/Src/main.c:135:37: error: 'RCC_PLLSOURCE_HSI' undeclared (first use in this function)
  135 |   RCC_OscInitStruct.PLL.PLLSource = RCC_PLLSOURCE_HSI;
      |                                     ^~~~~~~~~~~~~~~~~
../Core/Src/main.c:136:20: error: request for member 'PLL' in something not a structure or union
  136 |   RCC_OscInitStruct.PLL.PLLM = 16;
      |                    ^
../Core/Src/main.c:137:20: error: request for member 'PLL' in something not a structure or union
  137 |   RCC_OscInitStruct.PLL.PLLN = 336;
      |                    ^
../Core/Src/main.c:138:20: error: request for member 'PLL' in something not a structure or union
  138 |   RCC_OscInitStruct.PLL.PLLP = RCC_PLLP_DIV4;
      |                    ^
../Core/Src/main.c:138:32: error: 'RCC_PLLP_DIV4' undeclared (first use in this function)
  138 |   RCC_OscInitStruct.PLL.PLLP = RCC_PLLP_DIV4;
      |                                ^~~~~~~~~~~~~
../Core/Src/main.c:139:20: error: request for member 'PLL' in something not a structure or union
  139 |   RCC_OscInitStruct.PLL.PLLQ = 2;
      |                    ^
../Core/Src/main.c:140:20: error: request for member 'PLL' in something not a structure or union
  140 |   RCC_OscInitStruct.PLL.PLLR = 2;
      |                    ^
../Core/Src/main.c:141:7: warning: implicit declaration of function 'HAL_RCC_OscConfig' [-Wimplicit-function-declaration]
  141 |   if (HAL_RCC_OscConfig(&RCC_OscInitStruct) != HAL_OK)
      |       ^~~~~~~~~~~~~~~~~
../Core/Src/main.c:141:48: error: 'HAL_OK' undeclared (first use in this function)
  141 |   if (HAL_RCC_OscConfig(&RCC_OscInitStruct) != HAL_OK)
      |                                                ^~~~~~
../Core/Src/main.c:143:5: warning: implicit declaration of function 'Error_Handler' [-Wimplicit-function-declaration]
  143 |     Error_Handler();
      |     ^~~~~~~~~~~~~
../Core/Src/main.c:148:20: error: request for member 'ClockType' in something not a structure or union
  148 |   RCC_ClkInitStruct.ClockType = RCC_CLOCKTYPE_HCLK|RCC_CLOCKTYPE_SYSCLK
      |                    ^
../Core/Src/main.c:148:33: error: 'RCC_CLOCKTYPE_HCLK' undeclared (first use in this function)
  148 |   RCC_ClkInitStruct.ClockType = RCC_CLOCKTYPE_HCLK|RCC_CLOCKTYPE_SYSCLK
      |                                 ^~~~~~~~~~~~~~~~~~
../Core/Src/main.c:148:52: error: 'RCC_CLOCKTYPE_SYSCLK' undeclared (first use in this function)
  148 |   RCC_ClkInitStruct.ClockType = RCC_CLOCKTYPE_HCLK|RCC_CLOCKTYPE_SYSCLK
      |                                                    ^~~~~~~~~~~~~~~~~~~~
../Core/Src/main.c:149:32: error: 'RCC_CLOCKTYPE_PCLK1' undeclared (first use in this function)
  149 |                               |RCC_CLOCKTYPE_PCLK1|RCC_CLOCKTYPE_PCLK2;
      |                                ^~~~~~~~~~~~~~~~~~~
../Core/Src/main.c:149:52: error: 'RCC_CLOCKTYPE_PCLK2' undeclared (first use in this function)
  149 |                               |RCC_CLOCKTYPE_PCLK1|RCC_CLOCKTYPE_PCLK2;
      |                                                    ^~~~~~~~~~~~~~~~~~~
../Core/Src/main.c:150:20: error: request for member 'SYSCLKSource' in something not a structure or union
  150 |   RCC_ClkInitStruct.SYSCLKSource = RCC_SYSCLKSOURCE_PLLCLK;
      |                    ^
../Core/Src/main.c:150:36: error: 'RCC_SYSCLKSOURCE_PLLCLK' undeclared (first use in this function)
  150 |   RCC_ClkInitStruct.SYSCLKSource = RCC_SYSCLKSOURCE_PLLCLK;
      |                                    ^~~~~~~~~~~~~~~~~~~~~~~
../Core/Src/main.c:151:20: error: request for member 'AHBCLKDivider' in something not a structure or union
  151 |   RCC_ClkInitStruct.AHBCLKDivider = RCC_SYSCLK_DIV1;
      |                    ^
../Core/Src/main.c:151:37: error: 'RCC_SYSCLK_DIV1' undeclared (first use in this function)
  151 |   RCC_ClkInitStruct.AHBCLKDivider = RCC_SYSCLK_DIV1;
      |                                     ^~~~~~~~~~~~~~~
../Core/Src/main.c:152:20: error: request for member 'APB1CLKDivider' in something not a structure or union
  152 |   RCC_ClkInitStruct.APB1CLKDivider = RCC_HCLK_DIV2;
      |                    ^
../Core/Src/main.c:152:38: error: 'RCC_HCLK_DIV2' undeclared (first use in this function)
  152 |   RCC_ClkInitStruct.APB1CLKDivider = RCC_HCLK_DIV2;
      |                                      ^~~~~~~~~~~~~
../Core/Src/main.c:153:20: error: request for member 'APB2CLKDivider' in something not a structure or union
  153 |   RCC_ClkInitStruct.APB2CLKDivider = RCC_HCLK_DIV1;
      |                    ^
../Core/Src/main.c:153:38: error: 'RCC_HCLK_DIV1' undeclared (first use in this function)
  153 |   RCC_ClkInitStruct.APB2CLKDivider = RCC_HCLK_DIV1;
      |                                      ^~~~~~~~~~~~~
../Core/Src/main.c:155:7: warning: implicit declaration of function 'HAL_RCC_ClockConfig' [-Wimplicit-function-declaration]
  155 |   if (HAL_RCC_ClockConfig(&RCC_ClkInitStruct, FLASH_LATENCY_2) != HAL_OK)
      |       ^~~~~~~~~~~~~~~~~~~
../Core/Src/main.c:155:47: error: 'FLASH_LATENCY_2' undeclared (first use in this function)
  155 |   if (HAL_RCC_ClockConfig(&RCC_ClkInitStruct, FLASH_LATENCY_2) != HAL_OK)
      |                                               ^~~~~~~~~~~~~~~
../Core/Src/main.c: In function 'MX_USART2_UART_Init':
../Core/Src/main.c:176:9: error: request for member 'Instance' in something not a structure or union
  176 |   huart2.Instance = USART2;
      |         ^
../Core/Src/main.c:176:21: error: 'USART2' undeclared (first use in this function)
  176 |   huart2.Instance = USART2;
      |                     ^~~~~~
../Core/Src/main.c:177:9: error: request for member 'Init' in something not a structure or union
  177 |   huart2.Init.BaudRate = 115200;
      |         ^
../Core/Src/main.c:178:9: error: request for member 'Init' in something not a structure or union
  178 |   huart2.Init.WordLength = UART_WORDLENGTH_8B;
      |         ^
../Core/Src/main.c:178:28: error: 'UART_WORDLENGTH_8B' undeclared (first use in this function)
  178 |   huart2.Init.WordLength = UART_WORDLENGTH_8B;
      |                            ^~~~~~~~~~~~~~~~~~
../Core/Src/main.c:179:9: error: request for member 'Init' in something not a structure or union
  179 |   huart2.Init.StopBits = UART_STOPBITS_1;
      |         ^
../Core/Src/main.c:179:26: error: 'UART_STOPBITS_1' undeclared (first use in this function)
  179 |   huart2.Init.StopBits = UART_STOPBITS_1;
      |                          ^~~~~~~~~~~~~~~
../Core/Src/main.c:180:9: error: request for member 'Init' in something not a structure or union
  180 |   huart2.Init.Parity = UART_PARITY_NONE;
      |         ^
../Core/Src/main.c:180:24: error: 'UART_PARITY_NONE' undeclared (first use in this function)
  180 |   huart2.Init.Parity = UART_PARITY_NONE;
      |                        ^~~~~~~~~~~~~~~~
../Core/Src/main.c:181:9: error: request for member 'Init' in something not a structure or union
  181 |   huart2.Init.Mode = UART_MODE_TX_RX;
      |         ^
../Core/Src/main.c:181:22: error: 'UART_MODE_TX_RX' undeclared (first use in this function)
  181 |   huart2.Init.Mode = UART_MODE_TX_RX;
      |                      ^~~~~~~~~~~~~~~
../Core/Src/main.c:182:9: error: request for member 'Init' in something not a structure or union
  182 |   huart2.Init.HwFlowCtl = UART_HWCONTROL_NONE;
      |         ^
../Core/Src/main.c:182:27: error: 'UART_HWCONTROL_NONE' undeclared (first use in this function)
  182 |   huart2.Init.HwFlowCtl = UART_HWCONTROL_NONE;
      |                           ^~~~~~~~~~~~~~~~~~~
../Core/Src/main.c:183:9: error: request for member 'Init' in something not a structure or union
  183 |   huart2.Init.OverSampling = UART_OVERSAMPLING_16;
      |         ^
../Core/Src/main.c:183:30: error: 'UART_OVERSAMPLING_16' undeclared (first use in this function)
  183 |   huart2.Init.OverSampling = UART_OVERSAMPLING_16;
      |                              ^~~~~~~~~~~~~~~~~~~~
../Core/Src/main.c:184:7: warning: implicit declaration of function 'HAL_UART_Init' [-Wimplicit-function-declaration]
  184 |   if (HAL_UART_Init(&huart2) != HAL_OK)
      |       ^~~~~~~~~~~~~
../Core/Src/main.c:184:33: error: 'HAL_OK' undeclared (first use in this function)
  184 |   if (HAL_UART_Init(&huart2) != HAL_OK)
      |                                 ^~~~~~
../Core/Src/main.c: In function 'MX_GPIO_Init':
../Core/Src/main.c:201:3: error: unknown type name 'GPIO_InitTypeDef'
  201 |   GPIO_InitTypeDef GPIO_InitStruct = {0};
      |   ^~~~~~~~~~~~~~~~
../Core/Src/main.c:206:3: warning: implicit declaration of function '__HAL_RCC_GPIOC_CLK_ENABLE' [-Wimplicit-function-declaration]
  206 |   __HAL_RCC_GPIOC_CLK_ENABLE();
      |   ^~~~~~~~~~~~~~~~~~~~~~~~~~
../Core/Src/main.c:207:3: warning: implicit declaration of function '__HAL_RCC_GPIOH_CLK_ENABLE' [-Wimplicit-function-declaration]
  207 |   __HAL_RCC_GPIOH_CLK_ENABLE();
      |   ^~~~~~~~~~~~~~~~~~~~~~~~~~
../Core/Src/main.c:208:3: warning: implicit declaration of function '__HAL_RCC_GPIOA_CLK_ENABLE' [-Wimplicit-function-declaration]
  208 |   __HAL_RCC_GPIOA_CLK_ENABLE();
      |   ^~~~~~~~~~~~~~~~~~~~~~~~~~
../Core/Src/main.c:209:3: warning: implicit declaration of function '__HAL_RCC_GPIOB_CLK_ENABLE' [-Wimplicit-function-declaration]
  209 |   __HAL_RCC_GPIOB_CLK_ENABLE();
      |   ^~~~~~~~~~~~~~~~~~~~~~~~~~
../Core/Src/main.c:212:3: warning: implicit declaration of function 'HAL_GPIO_WritePin' [-Wimplicit-function-declaration]
  212 |   HAL_GPIO_WritePin(LD2_GPIO_Port, LD2_Pin, GPIO_PIN_RESET);
      |   ^~~~~~~~~~~~~~~~~
../Core/Src/main.c:212:21: error: 'LD2_GPIO_Port' undeclared (first use in this function)
  212 |   HAL_GPIO_WritePin(LD2_GPIO_Port, LD2_Pin, GPIO_PIN_RESET);
      |                     ^~~~~~~~~~~~~
../Core/Src/main.c:212:36: error: 'LD2_Pin' undeclared (first use in this function)
  212 |   HAL_GPIO_WritePin(LD2_GPIO_Port, LD2_Pin, GPIO_PIN_RESET);
      |                                    ^~~~~~~
../Core/Src/main.c:212:45: error: 'GPIO_PIN_RESET' undeclared (first use in this function)
  212 |   HAL_GPIO_WritePin(LD2_GPIO_Port, LD2_Pin, GPIO_PIN_RESET);
      |                                             ^~~~~~~~~~~~~~
../Core/Src/main.c:215:18: error: request for member 'Pin' in something not a structure or union
  215 |   GPIO_InitStruct.Pin = B1_Pin;
      |                  ^
../Core/Src/main.c:215:25: error: 'B1_Pin' undeclared (first use in this function)
  215 |   GPIO_InitStruct.Pin = B1_Pin;
      |                         ^~~~~~
../Core/Src/main.c:216:18: error: request for member 'Mode' in something not a structure or union
  216 |   GPIO_InitStruct.Mode = GPIO_MODE_IT_FALLING;
      |                  ^
../Core/Src/main.c:216:26: error: 'GPIO_MODE_IT_FALLING' undeclared (first use in this function)
  216 |   GPIO_InitStruct.Mode = GPIO_MODE_IT_FALLING;
      |                          ^~~~~~~~~~~~~~~~~~~~
../Core/Src/main.c:217:18: error: request for member 'Pull' in something not a structure or union
  217 |   GPIO_InitStruct.Pull = GPIO_NOPULL;
      |                  ^
../Core/Src/main.c:217:26: error: 'GPIO_NOPULL' undeclared (first use in this function)
  217 |   GPIO_InitStruct.Pull = GPIO_NOPULL;
      |                          ^~~~~~~~~~~
../Core/Src/main.c:218:3: warning: implicit declaration of function 'HAL_GPIO_Init'; did you mean 'MX_GPIO_Init'? [-Wimplicit-function-declaration]
  218 |   HAL_GPIO_Init(B1_GPIO_Port, &GPIO_InitStruct);
      |   ^~~~~~~~~~~~~
      |   MX_GPIO_Init
../Core/Src/main.c:218:17: error: 'B1_GPIO_Port' undeclared (first use in this function)
  218 |   HAL_GPIO_Init(B1_GPIO_Port, &GPIO_InitStruct);
      |                 ^~~~~~~~~~~~
../Core/Src/main.c:221:18: error: request for member 'Pin' in something not a structure or union
  221 |   GPIO_InitStruct.Pin = LD2_Pin;
      |                  ^
../Core/Src/main.c:222:18: error: request for member 'Mode' in something not a structure or union
  222 |   GPIO_InitStruct.Mode = GPIO_MODE_OUTPUT_PP;
      |                  ^
../Core/Src/main.c:222:26: error: 'GPIO_MODE_OUTPUT_PP' undeclared (first use in this function)
  222 |   GPIO_InitStruct.Mode = GPIO_MODE_OUTPUT_PP;
      |                          ^~~~~~~~~~~~~~~~~~~
../Core/Src/main.c:223:18: error: request for member 'Pull' in something not a structure or union
  223 |   GPIO_InitStruct.Pull = GPIO_NOPULL;
      |                  ^
../Core/Src/main.c:224:18: error: request for member 'Speed' in something not a structure or union
  224 |   GPIO_InitStruct.Speed = GPIO_SPEED_FREQ_LOW;
      |                  ^
../Core/Src/main.c:224:27: error: 'GPIO_SPEED_FREQ_LOW' undeclared (first use in this function)
  224 |   GPIO_InitStruct.Speed = GPIO_SPEED_FREQ_LOW;
      |                           ^~~~~~~~~~~~~~~~~~~
../Core/Src/main.c: At top level:
../Core/Src/main.c:239:6: warning: conflicting types for 'Error_Handler'
  239 | void Error_Handler(void)
      |      ^~~~~~~~~~~~~
../Core/Src/main.c:143:5: note: previous implicit declaration of 'Error_Handler' was here
  143 |     Error_Handler();
      |     ^~~~~~~~~~~~~
../Core/Src/main.c: In function 'Error_Handler':
../Core/Src/main.c:243:3: warning: implicit declaration of function '__disable_irq' [-Wimplicit-function-declaration]
  243 |   __disable_irq();
      |   ^~~~~~~~~~~~~
make: *** [Core/Src/subdir.mk:34: Core/Src/main.o] Error 1
"make -j8 all" terminated with exit code 2. Build might be incomplete.
